        -:    0:Source:dominion.c
        -:    0:Graph:dominion.gcno
        -:    0:Data:dominion.gcda
        -:    0:Runs:6
        -:    0:Programs:4
        -:    1:#include "dominion.h"
        -:    2:#include "dominion_helpers.h"
        -:    3:#include "rngs.h"
        -:    4:#include <stdio.h>
        -:    5:#include <math.h>
        -:    6:#include <stdlib.h>
        -:    7:
    55338:    8:int compare(const void* a, const void* b) {
    55338:    9:  if (*(int*)a > *(int*)b)
    27743:   10:    return 1;
    27595:   11:  if (*(int*)a < *(int*)b)
    12012:   12:    return -1;
    15583:   13:  return 0;
        -:   14:}
        -:   15:
    #####:   16:struct gameState* newGame() {
    #####:   17:  struct gameState* g = malloc(sizeof(struct gameState));
    #####:   18:  return g;
        -:   19:}
        -:   20:
    #####:   21:int* kingdomCards(int k1, int k2, int k3, int k4, int k5, int k6, int k7,
        -:   22:		  int k8, int k9, int k10) {
    #####:   23:  int* k = malloc(10 * sizeof(int));
    #####:   24:  k[0] = k1;
    #####:   25:  k[1] = k2;
    #####:   26:  k[2] = k3;
    #####:   27:  k[3] = k4;
    #####:   28:  k[4] = k5;
    #####:   29:  k[5] = k6;
    #####:   30:  k[6] = k7;
    #####:   31:  k[7] = k8;
    #####:   32:  k[8] = k9;
    #####:   33:  k[9] = k10;
    #####:   34:  return k;
        -:   35:}
        -:   36:
    #####:   37:int initializeGame(int numPlayers, int kingdomCards[10], int randomSeed,
        -:   38:		   struct gameState *state) {
        -:   39:
        -:   40:  int i;
        -:   41:  int j;
        -:   42:  int it;			
        -:   43:  //set up random number generator
    #####:   44:  SelectStream(1);
    #####:   45:  PutSeed((long)randomSeed);
        -:   46:  
        -:   47:  //check number of players
    #####:   48:  if (numPlayers > MAX_PLAYERS || numPlayers < 2)
        -:   49:    {
    #####:   50:      return -1;
        -:   51:    }
        -:   52:
        -:   53:  //set number of players
    #####:   54:  state->numPlayers = numPlayers;
        -:   55:
        -:   56:  //check selected kingdom cards are different
    #####:   57:  for (i = 0; i < 10; i++)
        -:   58:    {
    #####:   59:      for (j = 0; j < 10; j++)
        -:   60:        {
    #####:   61:	  if (j != i && kingdomCards[j] == kingdomCards[i])
        -:   62:	    {
    #####:   63:	      return -1;
        -:   64:	    }
        -:   65:        }
        -:   66:    }
        -:   67:
        -:   68:
        -:   69:  //initialize supply
        -:   70:  ///////////////////////////////
        -:   71:
        -:   72:  //set number of Curse cards
    #####:   73:  if (numPlayers == 2)
        -:   74:    {
    #####:   75:      state->supplyCount[curse] = 10;
        -:   76:    }
    #####:   77:  else if (numPlayers == 3)
        -:   78:    {
    #####:   79:      state->supplyCount[curse] = 20;
        -:   80:    }
        -:   81:  else
        -:   82:    {
    #####:   83:      state->supplyCount[curse] = 30;
        -:   84:    }
        -:   85:
        -:   86:  //set number of Victory cards
    #####:   87:  if (numPlayers == 2)
        -:   88:    {
    #####:   89:      state->supplyCount[estate] = 8;
    #####:   90:      state->supplyCount[duchy] = 8;
    #####:   91:      state->supplyCount[province] = 8;
        -:   92:    }
        -:   93:  else
        -:   94:    {
    #####:   95:      state->supplyCount[estate] = 12;
    #####:   96:      state->supplyCount[duchy] = 12;
    #####:   97:      state->supplyCount[province] = 12;
        -:   98:    }
        -:   99:
        -:  100:  //set number of Treasure cards
    #####:  101:  state->supplyCount[copper] = 60 - (7 * numPlayers);
    #####:  102:  state->supplyCount[silver] = 40;
    #####:  103:  state->supplyCount[gold] = 30;
        -:  104:
        -:  105:  //set number of Kingdom cards
    #####:  106:  for (i = adventurer; i <= treasure_map; i++)       	//loop all cards
        -:  107:    {
    #####:  108:      for (j = 0; j < 10; j++)           		//loop chosen cards
        -:  109:	{
    #####:  110:	  if (kingdomCards[j] == i)
        -:  111:	    {
        -:  112:	      //check if card is a 'Victory' Kingdom card
    #####:  113:	      if (kingdomCards[j] == great_hall || kingdomCards[j] == gardens)
        -:  114:		{
    #####:  115:		  if (numPlayers == 2){ 
    #####:  116:		    state->supplyCount[i] = 8; 
        -:  117:		  }
    #####:  118:		  else{ state->supplyCount[i] = 12; }
        -:  119:		}
        -:  120:	      else
        -:  121:		{
    #####:  122:		  state->supplyCount[i] = 10;
        -:  123:		}
    #####:  124:	      break;
        -:  125:	    }
        -:  126:	  else    //card is not in the set choosen for the game
        -:  127:	    {
    #####:  128:	      state->supplyCount[i] = -1;
        -:  129:	    }
        -:  130:	}
        -:  131:
        -:  132:    }
        -:  133:
        -:  134:  ////////////////////////
        -:  135:  //supply intilization complete
        -:  136:
        -:  137:  //set player decks
    #####:  138:  for (i = 0; i < numPlayers; i++)
        -:  139:    {
    #####:  140:      state->deckCount[i] = 0;
    #####:  141:      for (j = 0; j < 3; j++)
        -:  142:	{
    #####:  143:	  state->deck[i][j] = estate;
    #####:  144:	  state->deckCount[i]++;
        -:  145:	}
    #####:  146:      for (j = 3; j < 10; j++)
        -:  147:	{
    #####:  148:	  state->deck[i][j] = copper;
    #####:  149:	  state->deckCount[i]++;		
        -:  150:	}
        -:  151:    }
        -:  152:
        -:  153:  //shuffle player decks
    #####:  154:  for (i = 0; i < numPlayers; i++)
        -:  155:    {
    #####:  156:      if ( shuffle(i, state) < 0 )
        -:  157:	{
    #####:  158:	  return -1;
        -:  159:	}
        -:  160:    }
        -:  161:
        -:  162:  //draw player hands
    #####:  163:  for (i = 0; i < numPlayers; i++)
        -:  164:    {  
        -:  165:      //initialize hand size to zero
    #####:  166:      state->handCount[i] = 0;
    #####:  167:      state->discardCount[i] = 0;
        -:  168:      //draw 5 cards
        -:  169:      // for (j = 0; j < 5; j++)
        -:  170:      //	{
        -:  171:      //	  drawCard(i, state);
        -:  172:      //	}
        -:  173:    }
        -:  174:  
        -:  175:  //set embargo tokens to 0 for all supply piles
    #####:  176:  for (i = 0; i <= treasure_map; i++)
        -:  177:    {
    #####:  178:      state->embargoTokens[i] = 0;
        -:  179:    }
        -:  180:
        -:  181:  //initialize first player's turn
    #####:  182:  state->outpostPlayed = 0;
    #####:  183:  state->phase = 0;
    #####:  184:  state->numActions = 1;
    #####:  185:  state->numBuys = 1;
    #####:  186:  state->playedCardCount = 0;
    #####:  187:  state->whoseTurn = 0;
    #####:  188:  state->handCount[state->whoseTurn] = 0;
        -:  189:  //int it; move to top
        -:  190:
        -:  191:  //Moved draw cards to here, only drawing at the start of a turn
    #####:  192:  for (it = 0; it < 5; it++){
    #####:  193:    drawCard(state->whoseTurn, state);
        -:  194:  }
        -:  195:
    #####:  196:  updateCoins(state->whoseTurn, state, 0);
        -:  197:
    #####:  198:  return 0;
        -:  199:}
        -:  200:
       28:  201:int shuffle(int player, struct gameState *state) {
        -:  202: 
        -:  203:
        -:  204:  int newDeck[MAX_DECK];
       28:  205:  int newDeckPos = 0;
        -:  206:  int card;
        -:  207:  int i;
        -:  208:
       28:  209:  if (state->deckCount[player] < 1)
    #####:  210:    return -1;
       28:  211:  qsort ((void*)(state->deck[player]), state->deckCount[player], sizeof(int), compare); 
        -:  212:  /* SORT CARDS IN DECK TO ENSURE DETERMINISM! */
        -:  213:
     7877:  214:  while (state->deckCount[player] > 0) {
     7821:  215:    card = floor(Random() * state->deckCount[player]);
     7821:  216:    newDeck[newDeckPos] = state->deck[player][card];
     7821:  217:    newDeckPos++;
   697821:  218:    for (i = card; i < state->deckCount[player]-1; i++) {
   690000:  219:      state->deck[player][i] = state->deck[player][i+1];
        -:  220:    }
     7821:  221:    state->deckCount[player]--;
        -:  222:  }
     7849:  223:  for (i = 0; i < newDeckPos; i++) {
     7821:  224:    state->deck[player][i] = newDeck[i];
     7821:  225:    state->deckCount[player]++;
        -:  226:  }
        -:  227:
       28:  228:  return 0;
        -:  229:}
        -:  230:
    #####:  231:int playCard(int handPos, int choice1, int choice2, int choice3, struct gameState *state) 
        -:  232:{	
        -:  233:  int card;
    #####:  234:  int coin_bonus = 0; 		//tracks coins gain from actions
        -:  235:
        -:  236:  //check if it is the right phase
    #####:  237:  if (state->phase != 0)
        -:  238:    {
    #####:  239:      return -1;
        -:  240:    }
        -:  241:	
        -:  242:  //check if player has enough actions
    #####:  243:  if ( state->numActions < 1 )
        -:  244:    {
    #####:  245:      return -1;
        -:  246:    }
        -:  247:	
        -:  248:  //get card played
    #####:  249:  card = handCard(handPos, state);
        -:  250:	
        -:  251:  //check if selected card is an action
    #####:  252:  if ( card < adventurer || card > treasure_map )
        -:  253:    {
    #####:  254:      return -1;
        -:  255:    }
        -:  256:	
        -:  257:  //play card
    #####:  258:  if ( cardEffect(card, choice1, choice2, choice3, state, handPos, &coin_bonus) < 0 )
        -:  259:    {
    #####:  260:      return -1;
        -:  261:    }
        -:  262:	
        -:  263:  //reduce number of actions
    #####:  264:  state->numActions--;
        -:  265:
        -:  266:  //update coins (Treasure cards may be added with card draws)
    #####:  267:  updateCoins(state->whoseTurn, state, coin_bonus);
        -:  268:	
    #####:  269:  return 0;
        -:  270:}
        -:  271:
    #####:  272:int buyCard(int supplyPos, struct gameState *state) {
        -:  273:  int who;
        -:  274:  if (DEBUG){
        -:  275:    printf("Entering buyCard...\n");
        -:  276:  }
        -:  277:
        -:  278:  // I don't know what to do about the phase thing.
        -:  279:
    #####:  280:  who = state->whoseTurn;
        -:  281:
    #####:  282:  if (state->numBuys < 1){
        -:  283:    if (DEBUG)
        -:  284:      printf("You do not have any buys left\n");
    #####:  285:    return -1;
    #####:  286:  } else if (supplyCount(supplyPos, state) <1){
        -:  287:    if (DEBUG)
        -:  288:      printf("There are not any of that type of card left\n");
    #####:  289:    return -1;
    #####:  290:  } else if (state->coins < getCost(supplyPos)){
        -:  291:    if (DEBUG) 
        -:  292:      printf("You do not have enough money to buy that. You have %d coins.\n", state->coins);
    #####:  293:    return -1;
        -:  294:  } else {
    #####:  295:    state->phase=1;
        -:  296:    //state->supplyCount[supplyPos]--;
    #####:  297:    gainCard(supplyPos, state, 0, who); //card goes in discard, this might be wrong.. (2 means goes into hand, 0 goes into discard)
        -:  298:  
    #####:  299:    state->coins = (state->coins) - (getCost(supplyPos));
    #####:  300:    state->numBuys--;
        -:  301:    if (DEBUG)
        -:  302:      printf("You bought card number %d for %d coins. You now have %d buys and %d coins.\n", supplyPos, getCost(supplyPos), state->numBuys, state->coins);
        -:  303:  }
        -:  304:
        -:  305:  //state->discard[who][state->discardCount[who]] = supplyPos;
        -:  306:  //state->discardCount[who]++;
        -:  307:    
    #####:  308:  return 0;
        -:  309:}
        -:  310:
    #####:  311:int numHandCards(struct gameState *state) {
    #####:  312:  return state->handCount[ whoseTurn(state) ];
        -:  313:}
        -:  314:
    #####:  315:int handCard(int handPos, struct gameState *state) {
    #####:  316:  int currentPlayer = whoseTurn(state);
    #####:  317:  return state->hand[currentPlayer][handPos];
        -:  318:}
        -:  319:
    #####:  320:int supplyCount(int card, struct gameState *state) {
    #####:  321:  return state->supplyCount[card];
        -:  322:}
        -:  323:
    #####:  324:int fullDeckCount(int player, int card, struct gameState *state) {
        -:  325:  int i;
    #####:  326:  int count = 0;
        -:  327:
    #####:  328:  for (i = 0; i < state->deckCount[player]; i++)
        -:  329:    {
    #####:  330:      if (state->deck[player][i] == card) count++;
        -:  331:    }
        -:  332:
    #####:  333:  for (i = 0; i < state->handCount[player]; i++)
        -:  334:    {
    #####:  335:      if (state->hand[player][i] == card) count++;
        -:  336:    }
        -:  337:
    #####:  338:  for (i = 0; i < state->discardCount[player]; i++)
        -:  339:    {
    #####:  340:      if (state->discard[player][i] == card) count++;
        -:  341:    }
        -:  342:
    #####:  343:  return count;
        -:  344:}
        -:  345:
    #####:  346:int whoseTurn(struct gameState *state) {
    #####:  347:  return state->whoseTurn;
        -:  348:}
        -:  349:
    #####:  350:int endTurn(struct gameState *state) {
        -:  351:  int k;
        -:  352:  int i;
    #####:  353:  int currentPlayer = whoseTurn(state);
        -:  354:  
        -:  355:  //Discard hand
    #####:  356:  for (i = 0; i < state->handCount[currentPlayer]; i++){
    #####:  357:    state->discard[currentPlayer][state->discardCount[currentPlayer]++] = state->hand[currentPlayer][i];//Discard
    #####:  358:    state->hand[currentPlayer][i] = -1;//Set card to -1
        -:  359:  }
    #####:  360:  state->handCount[currentPlayer] = 0;//Reset hand count
        -:  361:    
        -:  362:  //Code for determining the player
    #####:  363:  if (currentPlayer < (state->numPlayers - 1)){ 
    #####:  364:    state->whoseTurn = currentPlayer + 1;//Still safe to increment
        -:  365:  }
        -:  366:  else{
    #####:  367:    state->whoseTurn = 0;//Max player has been reached, loop back around to player 1
        -:  368:  }
        -:  369:
    #####:  370:  state->outpostPlayed = 0;
    #####:  371:  state->phase = 0;
    #####:  372:  state->numActions = 1;
    #####:  373:  state->coins = 0;
    #####:  374:  state->numBuys = 1;
    #####:  375:  state->playedCardCount = 0;
    #####:  376:  state->handCount[state->whoseTurn] = 0;
        -:  377:
        -:  378:  //int k; move to top
        -:  379:  //Next player draws hand
    #####:  380:  for (k = 0; k < 5; k++){
    #####:  381:    drawCard(state->whoseTurn, state);//Draw a card
        -:  382:  }
        -:  383:
        -:  384:  //Update money
    #####:  385:  updateCoins(state->whoseTurn, state , 0);
        -:  386:
    #####:  387:  return 0;
        -:  388:}
        -:  389:
    #####:  390:int isGameOver(struct gameState *state) {
        -:  391:  int i;
        -:  392:  int j;
        -:  393:	
        -:  394:  //if stack of Province cards is empty, the game ends
    #####:  395:  if (state->supplyCount[province] == 0)
        -:  396:    {
    #####:  397:      return 1;
        -:  398:    }
        -:  399:
        -:  400:  //if three supply pile are at 0, the game ends
    #####:  401:  j = 0;
    #####:  402:  for (i = 0; i < 25; i++)
        -:  403:    {
    #####:  404:      if (state->supplyCount[i] == 0)
        -:  405:	{
    #####:  406:	  j++;
        -:  407:	}
        -:  408:    }
    #####:  409:  if ( j >= 3)
        -:  410:    {
    #####:  411:      return 1;
        -:  412:    }
        -:  413:
    #####:  414:  return 0;
        -:  415:}
        -:  416:
    #####:  417:int scoreFor (int player, struct gameState *state) {
        -:  418:
        -:  419:  int i;
    #####:  420:  int score = 0;
        -:  421:  //score from hand
    #####:  422:  for (i = 0; i < state->handCount[player]; i++)
        -:  423:    {
    #####:  424:      if (state->hand[player][i] == curse) { score = score - 1; };
    #####:  425:      if (state->hand[player][i] == estate) { score = score + 1; };
    #####:  426:      if (state->hand[player][i] == duchy) { score = score + 3; };
    #####:  427:      if (state->hand[player][i] == province) { score = score + 6; };
    #####:  428:      if (state->hand[player][i] == great_hall) { score = score + 1; };
    #####:  429:      if (state->hand[player][i] == gardens) { score = score + ( fullDeckCount(player, 0, state) / 10 ); };
        -:  430:    }
        -:  431:
        -:  432:  //score from discard
    #####:  433:  for (i = 0; i < state->discardCount[player]; i++)
        -:  434:    {
    #####:  435:      if (state->discard[player][i] == curse) { score = score - 1; };
    #####:  436:      if (state->discard[player][i] == estate) { score = score + 1; };
    #####:  437:      if (state->discard[player][i] == duchy) { score = score + 3; };
    #####:  438:      if (state->discard[player][i] == province) { score = score + 6; };
    #####:  439:      if (state->discard[player][i] == great_hall) { score = score + 1; };
    #####:  440:      if (state->discard[player][i] == gardens) { score = score + ( fullDeckCount(player, 0, state) / 10 ); };
        -:  441:    }
        -:  442:
        -:  443:  //score from deck
    #####:  444:  for (i = 0; i < state->discardCount[player]; i++)
        -:  445:    {
    #####:  446:      if (state->deck[player][i] == curse) { score = score - 1; };
    #####:  447:      if (state->deck[player][i] == estate) { score = score + 1; };
    #####:  448:      if (state->deck[player][i] == duchy) { score = score + 3; };
    #####:  449:      if (state->deck[player][i] == province) { score = score + 6; };
    #####:  450:      if (state->deck[player][i] == great_hall) { score = score + 1; };
    #####:  451:      if (state->deck[player][i] == gardens) { score = score + ( fullDeckCount(player, 0, state) / 10 ); };
        -:  452:    }
        -:  453:
    #####:  454:  return score;
        -:  455:}
        -:  456:
    #####:  457:int getWinners(int players[MAX_PLAYERS], struct gameState *state) {
        -:  458:  int i;	
        -:  459:  int j;
        -:  460:  int highScore;
        -:  461:  int currentPlayer;
        -:  462:
        -:  463:  //get score for each player
    #####:  464:  for (i = 0; i < MAX_PLAYERS; i++)
        -:  465:    {
        -:  466:      //set unused player scores to -9999
    #####:  467:      if (i >= state->numPlayers)
        -:  468:	{
    #####:  469:	  players[i] = -9999;
        -:  470:	}
        -:  471:      else
        -:  472:	{
    #####:  473:	  players[i] = scoreFor (i, state);
        -:  474:	}
        -:  475:    }
        -:  476:
        -:  477:  //find highest score
    #####:  478:  j = 0;
    #####:  479:  for (i = 0; i < MAX_PLAYERS; i++)
        -:  480:    {
    #####:  481:      if (players[i] > players[j])
        -:  482:	{
    #####:  483:	  j = i;
        -:  484:	}
        -:  485:    }
    #####:  486:  highScore = players[j];
        -:  487:
        -:  488:  //add 1 to players who had less turns
    #####:  489:  currentPlayer = whoseTurn(state);
    #####:  490:  for (i = 0; i < MAX_PLAYERS; i++)
        -:  491:    {
    #####:  492:      if ( players[i] == highScore && i > currentPlayer )
        -:  493:	{
    #####:  494:	  players[i]++;
        -:  495:	}
        -:  496:    }
        -:  497:
        -:  498:  //find new highest score
    #####:  499:  j = 0;
    #####:  500:  for (i = 0; i < MAX_PLAYERS; i++)
        -:  501:    {
    #####:  502:      if ( players[i] > players[j] )
        -:  503:	{
    #####:  504:	  j = i;
        -:  505:	}
        -:  506:    }
    #####:  507:  highScore = players[j];
        -:  508:
        -:  509:  //set winners in array to 1 and rest to 0
    #####:  510:  for (i = 0; i < MAX_PLAYERS; i++)
        -:  511:    {
    #####:  512:      if ( players[i] == highScore )
        -:  513:	{
    #####:  514:	  players[i] = 1;
        -:  515:	}
        -:  516:      else
        -:  517:	{
    #####:  518:	  players[i] = 0;
        -:  519:	}
        -:  520:    }
        -:  521:
    #####:  522:  return 0;
        -:  523:}
        -:  524:
    36302:  525:int drawCard(int player, struct gameState *state)
        -:  526:{	int count;
        -:  527:  int deckCounter;
    36302:  528:  if (state->deckCount[player] <= 0){//Deck is empty
        -:  529:    
        -:  530:    //Step 1 Shuffle the discard pile back into a deck
        -:  531:    int i;
        -:  532:    //Move discard to deck
     7849:  533:    for (i = 0; i < state->discardCount[player];i++){
     7821:  534:      state->deck[player][i] = state->discard[player][i];
     7821:  535:      state->discard[player][i] = -1;
        -:  536:    }
        -:  537:
       28:  538:    state->deckCount[player] = state->discardCount[player];
       28:  539:    state->discardCount[player] = 0;//Reset discard
        -:  540:
        -:  541:    //Shufffle the deck
       28:  542:    shuffle(player, state);//Shuffle the deck up and make it so that we can draw
        -:  543:   
        -:  544:    if (DEBUG){//Debug statements
        -:  545:      printf("Deck count now: %d\n", state->deckCount[player]);
        -:  546:    }
        -:  547:    
       28:  548:    state->discardCount[player] = 0;
        -:  549:
        -:  550:    //Step 2 Draw Card
       28:  551:    count = state->handCount[player];//Get current player's hand count
        -:  552:    
        -:  553:    if (DEBUG){//Debug statements
        -:  554:      printf("Current hand count: %d\n", count);
        -:  555:    }
        -:  556:    
       28:  557:    deckCounter = state->deckCount[player];//Create a holder for the deck count
        -:  558:
       28:  559:    if (deckCounter == 0)
    #####:  560:      return -1;
        -:  561:
       28:  562:    state->hand[player][count] = state->deck[player][deckCounter - 1];//Add card to hand
       28:  563:    state->deckCount[player]--;
       28:  564:    state->handCount[player]++;//Increment hand count
        -:  565:  }
        -:  566:
        -:  567:  else{
    36274:  568:    int count = state->handCount[player];//Get current hand count for player
        -:  569:    int deckCounter;
        -:  570:    if (DEBUG){//Debug statements
        -:  571:      printf("Current hand count: %d\n", count);
        -:  572:    }
        -:  573:
    36274:  574:    deckCounter = state->deckCount[player];//Create holder for the deck count
    36274:  575:    state->hand[player][count] = state->deck[player][deckCounter - 1];//Add card to the hand
    36274:  576:    state->deckCount[player]--;
    36274:  577:    state->handCount[player]++;//Increment hand count
        -:  578:  }
        -:  579:
    36302:  580:  return 0;
        -:  581:}
        -:  582:
    #####:  583:int getCost(int cardNumber)
        -:  584:{
    #####:  585:  switch( cardNumber ) 
        -:  586:    {
        -:  587:    case curse:
    #####:  588:      return 0;
        -:  589:    case estate:
    #####:  590:      return 2;
        -:  591:    case duchy:
    #####:  592:      return 5;
        -:  593:    case province:
    #####:  594:      return 8;
        -:  595:    case copper:
    #####:  596:      return 0;
        -:  597:    case silver:
    #####:  598:      return 3;
        -:  599:    case gold:
    #####:  600:      return 6;
        -:  601:    case adventurer:
    #####:  602:      return 6;
        -:  603:    case council_room:
    #####:  604:      return 5;
        -:  605:    case feast:
    #####:  606:      return 4;
        -:  607:    case gardens:
    #####:  608:      return 4;
        -:  609:    case mine:
    #####:  610:      return 5;
        -:  611:    case remodel:
    #####:  612:      return 4;
        -:  613:    case smithy:
    #####:  614:      return 4;
        -:  615:    case village:
    #####:  616:      return 3;
        -:  617:    case baron:
    #####:  618:      return 4;
        -:  619:    case great_hall:
    #####:  620:      return 3;
        -:  621:    case minion:
    #####:  622:      return 5;
        -:  623:    case steward:
    #####:  624:      return 3;
        -:  625:    case tribute:
    #####:  626:      return 5;
        -:  627:    case ambassador:
    #####:  628:      return 3;
        -:  629:    case cutpurse:
    #####:  630:      return 4;
        -:  631:    case embargo: 
    #####:  632:      return 2;
        -:  633:    case outpost:
    #####:  634:      return 5;
        -:  635:    case salvager:
    #####:  636:      return 4;
        -:  637:    case sea_hag:
    #####:  638:      return 4;
        -:  639:    case treasure_map:
    #####:  640:      return 4;
        -:  641:    }
        -:  642:	
    #####:  643:  return -1;
        -:  644:}
        -:  645:
     1000:  646:int playAdventurer(struct gameState* state, int currentPlayer, int* temphand) {
     1000:  647:	int drawntreasure = 0;
     1000:  648:	int z = 0;// this is the counter for the temp hand
    24302:  649:	while(drawntreasure<=2){
    22302:  650:		if (state->deckCount[currentPlayer] <1){//if the deck is empty we need to shuffle discard and add to deck
    #####:  651:			shuffle(currentPlayer, state);
        -:  652:		}
    22302:  653:		drawCard(currentPlayer, state);
    22302:  654:		int cardDrawn = state->hand[currentPlayer][state->handCount[currentPlayer]-1];//top card of hand is most recently drawn card.
        -:  655:		
    22302:  656:		if (cardDrawn == copper || cardDrawn == silver || cardDrawn == gold)
     3000:  657:			drawntreasure++;
        -:  658:		else{
    19302:  659:			temphand[z]=cardDrawn;
    19302:  660:			state->handCount[currentPlayer]--; //this should just remove the top card (the most recently drawn one).
    19302:  661:			z++;
        -:  662:		}
        -:  663:    }
        -:  664:    
    21302:  665:	while(z-1>=0){
    19302:  666:		state->discard[currentPlayer][state->discardCount[currentPlayer]++]=temphand[z-1]; // discard all cards in play that have been drawn
    19302:  667:		z=z-1;
        -:  668:    }
     1000:  669:	return 0;
        -:  670:}
        -:  671:
    #####:  672:int playCouncilRoom(struct gameState* state, int currentPlayer, int handPos) {
        -:  673:	int i;
        -:  674:	//+4 Cards
    #####:  675:      for (i = 0; i < 4; i++)
        -:  676:	{
    #####:  677:	  drawCard(currentPlayer, state);
        -:  678:	}
        -:  679:			
        -:  680:      //+1 Buy
    #####:  681:      state->numBuys++;
        -:  682:			
        -:  683:      //Each other player draws a card
    #####:  684:      for (i = 0; i < state->numPlayers; i++)
        -:  685:	{
    #####:  686:	  if ( i != currentPlayer )
        -:  687:	    {
    #####:  688:	      drawCard(i, state);
        -:  689:	    }
        -:  690:	}
        -:  691:			
        -:  692:      //put played card in played card pile
    #####:  693:      discardCard(handPos, currentPlayer, state, 1);
        -:  694:			
    #####:  695:      return 0;
        -:  696:}
        -:  697:
    #####:  698:int playMine(struct gameState* state, int currentPlayer, int choice1, int choice2, int choice3, int handPos) {
    #####:  699:	int j = state->hand[currentPlayer][choice1];  //store card we will trash
        -:  700:
    #####:  701:      if (state->hand[currentPlayer][choice1] < silver || state->hand[currentPlayer][choice1] > gold)
        -:  702:	{
    #####:  703:	  return -1;
        -:  704:	}
        -:  705:		
    #####:  706:      if (choice2 > treasure_map || choice2 < curse)
        -:  707:	{
    #####:  708:	  return -1;
        -:  709:	}
        -:  710:
    #####:  711:      if ( (getCost(state->hand[currentPlayer][choice1]) + 3) > getCost(choice2) )
        -:  712:	{
    #####:  713:	  return -1;
        -:  714:	}
        -:  715:
    #####:  716:      gainCard(choice2, state, 2, currentPlayer);
        -:  717:
        -:  718:      //discard card from hand
    #####:  719:      discardCard(handPos, currentPlayer, state, 0);
        -:  720:
        -:  721:      //discard trashed card
        -:  722:	  int i;
    #####:  723:      for (i = 0; i < state->handCount[currentPlayer]; i++)
        -:  724:	{
    #####:  725:	  if (state->hand[currentPlayer][i] == j)
        -:  726:	    {
    #####:  727:	      discardCard(i, currentPlayer, state, 0);			
    #####:  728:	      break;
        -:  729:	    }
        -:  730:	}
        -:  731:			
    #####:  732:    return 0;
        -:  733:}
        -:  734:
     3000:  735:int playSmithy(struct gameState* state, int currentPlayer, int handPos) {
        -:  736:	//+3 Cards
        -:  737:	int i;
    15000:  738:      for (i = 0; i <= 3; i++)
        -:  739:	{
    12000:  740:	  drawCard(currentPlayer, state);
        -:  741:	}
        -:  742:      //discard card from hand
     3000:  743:      discardCard(handPos, currentPlayer, state, 0);
     3000:  744:      return 0;
        -:  745:}
        -:  746:
     2000:  747:int playVillage(struct gameState* state, int currentPlayer, int handPos) {
        -:  748:	//+1 Card
     2000:  749:    drawCard(currentPlayer, state);
        -:  750:			
        -:  751:    //+2 Actions
     2000:  752:    state->numActions = state->numActions + 2;
        -:  753:			
        -:  754:    //discard played card from hand
     2000:  755:    discardCard(handPos, currentPlayer, state, 0);
     2000:  756:    return 0;
        -:  757:}
        -:  758:
    #####:  759:int cardEffect(int card, int choice1, int choice2, int choice3, struct gameState *state, int handPos, int *bonus)
        -:  760:{
        -:  761:  int i;
        -:  762:  int j;
        -:  763:  int k;
        -:  764:  int x;
        -:  765:  int index;
    #####:  766:  int currentPlayer = whoseTurn(state);
    #####:  767:  int nextPlayer = currentPlayer + 1;
        -:  768:
    #####:  769:  int tributeRevealedCards[2] = {-1, -1};
        -:  770:  int temphand[MAX_HAND];// moved above the if statement
    #####:  771:  int drawntreasure=0;
        -:  772:  int cardDrawn;
    #####:  773:  if (nextPlayer > (state->numPlayers - 1)){
    #####:  774:    nextPlayer = 0;
        -:  775:  }
        -:  776:  
        -:  777:	
        -:  778:  //uses switch to select card and perform actions
    #####:  779:  switch( card ) 
        -:  780:    {
        -:  781:    case adventurer:
    #####:  782:      return playAdventurer(&state, currentPlayer, &temphand);
        -:  783:			
        -:  784:    case council_room:
    #####:  785:      return playCouncilRoom(&state, currentPlayer, handPos);
        -:  786:			
        -:  787:    case feast:
        -:  788:      //gain card with cost up to 5
        -:  789:      //Backup hand
    #####:  790:      for (i = 0; i <= state->handCount[currentPlayer]; i++){
    #####:  791:	temphand[i] = state->hand[currentPlayer][i];//Backup card
    #####:  792:	state->hand[currentPlayer][i] = -1;//Set to nothing
        -:  793:      }
        -:  794:      //Backup hand
        -:  795:
        -:  796:      //Update Coins for Buy
    #####:  797:      updateCoins(currentPlayer, state, 5);
    #####:  798:      x = 1;//Condition to loop on
    #####:  799:      while( x == 1) {//Buy one card
    #####:  800:	if (supplyCount(choice1, state) <= 0){
        -:  801:	  if (DEBUG)
        -:  802:	    printf("None of that card left, sorry!\n");
        -:  803:
        -:  804:	  if (DEBUG){
        -:  805:	    printf("Cards Left: %d\n", supplyCount(choice1, state));
        -:  806:	  }
        -:  807:	}
    #####:  808:	else if (state->coins < getCost(choice1)){
    #####:  809:	  printf("That card is too expensive!\n");
        -:  810:
        -:  811:	  if (DEBUG){
        -:  812:	    printf("Coins: %d < %d\n", state->coins, getCost(choice1));
        -:  813:	  }
        -:  814:	}
        -:  815:	else{
        -:  816:
        -:  817:	  if (DEBUG){
        -:  818:	    printf("Deck Count: %d\n", state->handCount[currentPlayer] + state->deckCount[currentPlayer] + state->discardCount[currentPlayer]);
        -:  819:	  }
        -:  820:
    #####:  821:	  gainCard(choice1, state, 0, currentPlayer);//Gain the card
    #####:  822:	  x = 0;//No more buying cards
        -:  823:
        -:  824:	  if (DEBUG){
        -:  825:	    printf("Deck Count: %d\n", state->handCount[currentPlayer] + state->deckCount[currentPlayer] + state->discardCount[currentPlayer]);
        -:  826:	  }
        -:  827:
        -:  828:	}
        -:  829:      }     
        -:  830:
        -:  831:      //Reset Hand
    #####:  832:      for (i = 0; i <= state->handCount[currentPlayer]; i++){
    #####:  833:	state->hand[currentPlayer][i] = temphand[i];
    #####:  834:	temphand[i] = -1;
        -:  835:      }
        -:  836:      //Reset Hand
        -:  837:      			
    #####:  838:      return 0;
        -:  839:			
        -:  840:    case gardens:
    #####:  841:      return -1;
        -:  842:			
        -:  843:    case mine:
    #####:  844:      return playMine(state, currentPlayer, choice1, choice2, choice3, handPos);
        -:  845:			
        -:  846:    case remodel:
    #####:  847:      j = state->hand[currentPlayer][choice1];  //store card we will trash
        -:  848:
    #####:  849:      if ( (getCost(state->hand[currentPlayer][choice1]) + 2) > getCost(choice2) )
        -:  850:	{
    #####:  851:	  return -1;
        -:  852:	}
        -:  853:
    #####:  854:      gainCard(choice2, state, 0, currentPlayer);
        -:  855:
        -:  856:      //discard card from hand
    #####:  857:      discardCard(handPos, currentPlayer, state, 0);
        -:  858:
        -:  859:      //discard trashed card
    #####:  860:      for (i = 0; i < state->handCount[currentPlayer]; i++)
        -:  861:	{
    #####:  862:	  if (state->hand[currentPlayer][i] == j)
        -:  863:	    {
    #####:  864:	      discardCard(i, currentPlayer, state, 0);			
    #####:  865:	      break;
        -:  866:	    }
        -:  867:	}
        -:  868:
    #####:  869:      return 0;
        -:  870:		
        -:  871:    case smithy:
    #####:  872:      return playSmithy(state, currentPlayer, handPos);
        -:  873:		
        -:  874:    case village:
    #####:  875:      return playVillage(state, currentPlayer, handPos);
        -:  876:		
        -:  877:    case baron:
    #####:  878:      state->numBuys++;//Increase buys by 1!
    #####:  879:      if (choice1 > 0){//Boolean true or going to discard an estate
    #####:  880:	int p = 0;//Iterator for hand!
    #####:  881:	int card_not_discarded = 1;//Flag for discard set!
    #####:  882:	while(card_not_discarded){
    #####:  883:	  if (state->hand[currentPlayer][p] == estate){//Found an estate card!
    #####:  884:	    state->coins += 4;//Add 4 coins to the amount of coins
    #####:  885:	    state->discard[currentPlayer][state->discardCount[currentPlayer]] = state->hand[currentPlayer][p];
    #####:  886:	    state->discardCount[currentPlayer]++;
    #####:  887:	    for (;p < state->handCount[currentPlayer]; p++){
    #####:  888:	      state->hand[currentPlayer][p] = state->hand[currentPlayer][p+1];
        -:  889:	    }
    #####:  890:	    state->hand[currentPlayer][state->handCount[currentPlayer]] = -1;
    #####:  891:	    state->handCount[currentPlayer]--;
    #####:  892:	    card_not_discarded = 0;//Exit the loop
        -:  893:	  }
    #####:  894:	  else if (p > state->handCount[currentPlayer]){
        -:  895:	    if(DEBUG) {
        -:  896:	      printf("No estate cards in your hand, invalid choice\n");
        -:  897:	      printf("Must gain an estate if there are any\n");
        -:  898:	    }
    #####:  899:	    if (supplyCount(estate, state) > 0){
    #####:  900:	      gainCard(estate, state, 0, currentPlayer);
    #####:  901:	      state->supplyCount[estate]--;//Decrement estates
    #####:  902:	      if (supplyCount(estate, state) == 0){
    #####:  903:		isGameOver(state);
        -:  904:	      }
        -:  905:	    }
    #####:  906:	    card_not_discarded = 0;//Exit the loop
        -:  907:	  }
        -:  908:			    
        -:  909:	  else{
    #####:  910:	    p++;//Next card
        -:  911:	  }
        -:  912:	}
        -:  913:      }
        -:  914:			    
        -:  915:      else{
    #####:  916:	if (supplyCount(estate, state) > 0){
    #####:  917:	  gainCard(estate, state, 0, currentPlayer);//Gain an estate
    #####:  918:	  state->supplyCount[estate]--;//Decrement Estates
    #####:  919:	  if (supplyCount(estate, state) == 0){
    #####:  920:	    isGameOver(state);
        -:  921:	  }
        -:  922:	}
        -:  923:      }
        -:  924:	    
        -:  925:      
    #####:  926:      return 0;
        -:  927:		
        -:  928:    case great_hall:
        -:  929:      //+1 Card
    #####:  930:      drawCard(currentPlayer, state);
        -:  931:			
        -:  932:      //+1 Actions
    #####:  933:      state->numActions++;
        -:  934:			
        -:  935:      //discard card from hand
    #####:  936:      discardCard(handPos, currentPlayer, state, 0);
    #####:  937:      return 0;
        -:  938:		
        -:  939:    case minion:
        -:  940:      //+1 action
    #####:  941:      state->numActions++;
        -:  942:			
        -:  943:      //discard card from hand
    #####:  944:      discardCard(handPos, currentPlayer, state, 0);
        -:  945:			
    #####:  946:      if (choice1)		//+2 coins
        -:  947:	{
    #####:  948:	  state->coins = state->coins + 2;
        -:  949:	}
        -:  950:			
    #####:  951:      else if (choice2)		//discard hand, redraw 4, other players with 5+ cards discard hand and draw 4
        -:  952:	{
        -:  953:	  //discard hand
    #####:  954:	  while(numHandCards(state) > 0)
        -:  955:	    {
    #####:  956:	      discardCard(handPos, currentPlayer, state, 0);
        -:  957:	    }
        -:  958:				
        -:  959:	  //draw 4
    #####:  960:	  for (i = 0; i < 4; i++)
        -:  961:	    {
    #####:  962:	      drawCard(currentPlayer, state);
        -:  963:	    }
        -:  964:				
        -:  965:	  //other players discard hand and redraw if hand size > 4
    #####:  966:	  for (i = 0; i < state->numPlayers; i++)
        -:  967:	    {
    #####:  968:	      if (i != currentPlayer)
        -:  969:		{
    #####:  970:		  if ( state->handCount[i] > 4 )
        -:  971:		    {
        -:  972:		      //discard hand
    #####:  973:		      while( state->handCount[i] > 0 )
        -:  974:			{
    #####:  975:			  discardCard(handPos, i, state, 0);
        -:  976:			}
        -:  977:							
        -:  978:		      //draw 4
    #####:  979:		      for (j = 0; j < 4; j++)
        -:  980:			{
    #####:  981:			  drawCard(i, state);
        -:  982:			}
        -:  983:		    }
        -:  984:		}
        -:  985:	    }
        -:  986:				
        -:  987:	}
    #####:  988:      return 0;
        -:  989:		
        -:  990:    case steward:
    #####:  991:      if (choice1 == 1)
        -:  992:	{
        -:  993:	  //+2 cards
    #####:  994:	  drawCard(currentPlayer, state);
    #####:  995:	  drawCard(currentPlayer, state);
        -:  996:	}
    #####:  997:      else if (choice1 == 2)
        -:  998:	{
        -:  999:	  //+2 coins
    #####: 1000:	  state->coins = state->coins + 2;
        -: 1001:	}
        -: 1002:      else
        -: 1003:	{
        -: 1004:	  //trash 2 cards in hand
    #####: 1005:	  discardCard(choice2, currentPlayer, state, 1);
    #####: 1006:	  discardCard(choice3, currentPlayer, state, 1);
        -: 1007:	}
        -: 1008:			
        -: 1009:      //discard card from hand
    #####: 1010:      discardCard(handPos, currentPlayer, state, 0);
    #####: 1011:      return 0;
        -: 1012:		
        -: 1013:    case tribute:
    #####: 1014:      if ((state->discardCount[nextPlayer] + state->deckCount[nextPlayer]) <= 1){
    #####: 1015:	if (state->deckCount[nextPlayer] > 0){
    #####: 1016:	  tributeRevealedCards[0] = state->deck[nextPlayer][state->deckCount[nextPlayer]-1];
    #####: 1017:	  state->deckCount[nextPlayer]--;
        -: 1018:	}
    #####: 1019:	else if (state->discardCount[nextPlayer] > 0){
    #####: 1020:	  tributeRevealedCards[0] = state->discard[nextPlayer][state->discardCount[nextPlayer]-1];
    #####: 1021:	  state->discardCount[nextPlayer]--;
        -: 1022:	}
        -: 1023:	else{
        -: 1024:	  //No Card to Reveal
        -: 1025:	  if (DEBUG){
        -: 1026:	    printf("No cards to reveal\n");
        -: 1027:	  }
        -: 1028:	}
        -: 1029:      }
        -: 1030:	    
        -: 1031:      else{
    #####: 1032:	if (state->deckCount[nextPlayer] == 0){
    #####: 1033:	  for (i = 0; i < state->discardCount[nextPlayer]; i++){
    #####: 1034:	    state->deck[nextPlayer][i] = state->discard[nextPlayer][i];//Move to deck
    #####: 1035:	    state->deckCount[nextPlayer]++;
    #####: 1036:	    state->discard[nextPlayer][i] = -1;
    #####: 1037:	    state->discardCount[nextPlayer]--;
        -: 1038:	  }
        -: 1039:			    
    #####: 1040:	  shuffle(nextPlayer,state);//Shuffle the deck
        -: 1041:	} 
    #####: 1042:	tributeRevealedCards[0] = state->deck[nextPlayer][state->deckCount[nextPlayer]-1];
    #####: 1043:	state->deck[nextPlayer][state->deckCount[nextPlayer]--] = -1;
    #####: 1044:	state->deckCount[nextPlayer]--;
    #####: 1045:	tributeRevealedCards[1] = state->deck[nextPlayer][state->deckCount[nextPlayer]-1];
    #####: 1046:	state->deck[nextPlayer][state->deckCount[nextPlayer]--] = -1;
    #####: 1047:	state->deckCount[nextPlayer]--;
        -: 1048:      }    
        -: 1049:		       
    #####: 1050:      if (tributeRevealedCards[0] == tributeRevealedCards[1]){//If we have a duplicate card, just drop one 
    #####: 1051:	state->playedCards[state->playedCardCount] = tributeRevealedCards[1];
    #####: 1052:	state->playedCardCount++;
    #####: 1053:	tributeRevealedCards[1] = -1;
        -: 1054:      }
        -: 1055:
    #####: 1056:      for (i = 0; i <= 2; i ++){
    #####: 1057:	if (tributeRevealedCards[i] == copper || tributeRevealedCards[i] == silver || tributeRevealedCards[i] == gold){//Treasure cards
    #####: 1058:	  state->coins += 2;
        -: 1059:	}
        -: 1060:		    
    #####: 1061:	else if (tributeRevealedCards[i] == estate || tributeRevealedCards[i] == duchy || tributeRevealedCards[i] == province || tributeRevealedCards[i] == gardens || tributeRevealedCards[i] == great_hall){//Victory Card Found
    #####: 1062:	  drawCard(currentPlayer, state);
    #####: 1063:	  drawCard(currentPlayer, state);
        -: 1064:	}
        -: 1065:	else{//Action Card
    #####: 1066:	  state->numActions = state->numActions + 2;
        -: 1067:	}
        -: 1068:      }
        -: 1069:	    
    #####: 1070:      return 0;
        -: 1071:		
        -: 1072:    case ambassador:
    #####: 1073:      j = 0;		//used to check if player has enough cards to discard
        -: 1074:
    #####: 1075:      if (choice2 > 2 || choice2 < 0)
        -: 1076:	{
    #####: 1077:	  return -1;				
        -: 1078:	}
        -: 1079:
    #####: 1080:      if (choice1 == handPos)
        -: 1081:	{
    #####: 1082:	  return -1;
        -: 1083:	}
        -: 1084:
    #####: 1085:      for (i = 0; i < state->handCount[currentPlayer]; i++)
        -: 1086:	{
    #####: 1087:	  if (i != handPos && i == state->hand[currentPlayer][choice1] && i != choice1)
        -: 1088:	    {
    #####: 1089:	      j++;
        -: 1090:	    }
        -: 1091:	}
    #####: 1092:      if (j < choice2)
        -: 1093:	{
    #####: 1094:	  return -1;				
        -: 1095:	}
        -: 1096:
        -: 1097:      if (DEBUG) 
        -: 1098:	printf("Player %d reveals card number: %d\n", currentPlayer, state->hand[currentPlayer][choice1]);
        -: 1099:
        -: 1100:      //increase supply count for choosen card by amount being discarded
    #####: 1101:      state->supplyCount[state->hand[currentPlayer][choice1]] += choice2;
        -: 1102:			
        -: 1103:      //each other player gains a copy of revealed card
    #####: 1104:      for (i = 0; i < state->numPlayers; i++)
        -: 1105:	{
    #####: 1106:	  if (i != currentPlayer)
        -: 1107:	    {
    #####: 1108:	      gainCard(state->hand[currentPlayer][choice1], state, 0, i);
        -: 1109:	    }
        -: 1110:	}
        -: 1111:
        -: 1112:      //discard played card from hand
    #####: 1113:      discardCard(handPos, currentPlayer, state, 0);			
        -: 1114:
        -: 1115:      //trash copies of cards returned to supply
    #####: 1116:      for (j = 0; j < choice2; j++)
        -: 1117:	{
    #####: 1118:	  for (i = 0; i < state->handCount[currentPlayer]; i++)
        -: 1119:	    {
    #####: 1120:	      if (state->hand[currentPlayer][i] == state->hand[currentPlayer][choice1])
        -: 1121:		{
    #####: 1122:		  discardCard(i, currentPlayer, state, 1);
    #####: 1123:		  break;
        -: 1124:		}
        -: 1125:	    }
        -: 1126:	}			
        -: 1127:
    #####: 1128:      return 0;
        -: 1129:		
        -: 1130:    case cutpurse:
        -: 1131:
    #####: 1132:      updateCoins(currentPlayer, state, 2);
    #####: 1133:      for (i = 0; i < state->numPlayers; i++)
        -: 1134:	{
    #####: 1135:	  if (i != currentPlayer)
        -: 1136:	    {
    #####: 1137:	      for (j = 0; j < state->handCount[i]; j++)
        -: 1138:		{
    #####: 1139:		  if (state->hand[i][j] == copper)
        -: 1140:		    {
    #####: 1141:		      discardCard(j, i, state, 0);
    #####: 1142:		      break;
        -: 1143:		    }
    #####: 1144:		  if (j == state->handCount[i])
        -: 1145:		    {
    #####: 1146:		      for (k = 0; k < state->handCount[i]; k++)
        -: 1147:			{
        -: 1148:			  if (DEBUG)
        -: 1149:			    printf("Player %d reveals card number %d\n", i, state->hand[i][k]);
        -: 1150:			}	
    #####: 1151:		      break;
        -: 1152:		    }		
        -: 1153:		}
        -: 1154:					
        -: 1155:	    }
        -: 1156:				
        -: 1157:	}				
        -: 1158:
        -: 1159:      //discard played card from hand
    #####: 1160:      discardCard(handPos, currentPlayer, state, 0);			
        -: 1161:
    #####: 1162:      return 0;
        -: 1163:
        -: 1164:		
        -: 1165:    case embargo: 
        -: 1166:      //+2 Coins
    #####: 1167:      state->coins = state->coins + 2;
        -: 1168:			
        -: 1169:      //see if selected pile is in play
    #####: 1170:      if ( state->supplyCount[choice1] == -1 )
        -: 1171:	{
    #####: 1172:	  return -1;
        -: 1173:	}
        -: 1174:			
        -: 1175:      //add embargo token to selected supply pile
    #####: 1176:      state->embargoTokens[choice1]++;
        -: 1177:			
        -: 1178:      //trash card
    #####: 1179:      discardCard(handPos, currentPlayer, state, 1);		
    #####: 1180:      return 0;
        -: 1181:		
        -: 1182:    case outpost:
        -: 1183:      //set outpost flag
    #####: 1184:      state->outpostPlayed++;
        -: 1185:			
        -: 1186:      //discard card
    #####: 1187:      discardCard(handPos, currentPlayer, state, 0);
    #####: 1188:      return 0;
        -: 1189:		
        -: 1190:    case salvager:
        -: 1191:      //+1 buy
    #####: 1192:      state->numBuys++;
        -: 1193:			
    #####: 1194:      if (choice1)
        -: 1195:	{
        -: 1196:	  //gain coins equal to trashed card
    #####: 1197:	  state->coins = state->coins + getCost( handCard(choice1, state) );
        -: 1198:	  //trash card
    #####: 1199:	  discardCard(choice1, currentPlayer, state, 1);	
        -: 1200:	}
        -: 1201:			
        -: 1202:      //discard card
    #####: 1203:      discardCard(handPos, currentPlayer, state, 0);
    #####: 1204:      return 0;
        -: 1205:		
        -: 1206:    case sea_hag:
    #####: 1207:      for (i = 0; i < state->numPlayers; i++){
    #####: 1208:	if (i != currentPlayer){
    #####: 1209:	  state->discard[i][state->discardCount[i]] = state->deck[i][state->deckCount[i]--];			    state->deckCount[i]--;
    #####: 1210:	  state->discardCount[i]++;
    #####: 1211:	  state->deck[i][state->deckCount[i]--] = curse;//Top card now a curse
        -: 1212:	}
        -: 1213:      }
    #####: 1214:      return 0;
        -: 1215:		
        -: 1216:    case treasure_map:
        -: 1217:      //search hand for another treasure_map
    #####: 1218:      index = -1;
    #####: 1219:      for (i = 0; i < state->handCount[currentPlayer]; i++)
        -: 1220:	{
    #####: 1221:	  if (state->hand[currentPlayer][i] == treasure_map && i != handPos)
        -: 1222:	    {
    #####: 1223:	      index = i;
    #####: 1224:	      break;
        -: 1225:	    }
        -: 1226:	}
    #####: 1227:      if (index > -1)
        -: 1228:	{
        -: 1229:	  //trash both treasure cards
    #####: 1230:	  discardCard(handPos, currentPlayer, state, 1);
    #####: 1231:	  discardCard(index, currentPlayer, state, 1);
        -: 1232:
        -: 1233:	  //gain 4 Gold cards
    #####: 1234:	  for (i = 0; i < 4; i++)
        -: 1235:	    {
    #####: 1236:	      gainCard(gold, state, 1, currentPlayer);
        -: 1237:	    }
        -: 1238:				
        -: 1239:	  //return success
    #####: 1240:	  return 1;
        -: 1241:	}
        -: 1242:			
        -: 1243:      //no second treasure_map found in hand
    #####: 1244:      return -1;
        -: 1245:    }
        -: 1246:	
    #####: 1247:  return -1;
        -: 1248:}
        -: 1249:
     5000: 1250:int discardCard(int handPos, int currentPlayer, struct gameState *state, int trashFlag)
        -: 1251:{
        -: 1252:  //if card is not trashed, added to Played pile 
     5000: 1253:  if (trashFlag < 1)
        -: 1254:    {
        -: 1255:      //add card to played pile
     5000: 1256:      state->playedCards[state->playedCardCount] = state->hand[currentPlayer][handPos]; 
     5000: 1257:      state->playedCardCount++;
        -: 1258:    }
        -: 1259:  //set played card to -1
     5000: 1260:  state->hand[currentPlayer][handPos] = -1;
        -: 1261:  //remove card from player's hand
     5000: 1262:  if ( handPos == (state->handCount[currentPlayer] - 1) ) 	//last card in hand array is played
        -: 1263:    {
        -: 1264:      //reduce number of cards in hand
    #####: 1265:      state->handCount[currentPlayer]--;
        -: 1266:    }
     5000: 1267:  else if ( state->handCount[currentPlayer] == 1 ) //only one card in hand
        -: 1268:    {
        -: 1269:      //reduce number of cards in hand
    #####: 1270:      state->handCount[currentPlayer]--;
        -: 1271:    }
        -: 1272:  else 	
        -: 1273:    {
        -: 1274:      //replace discarded card with last card in hand
     5000: 1275:      state->hand[currentPlayer][handPos] = state->hand[currentPlayer][ (state->handCount[currentPlayer] - 1)];
        -: 1276:      //set last card to -1
     5000: 1277:      state->hand[currentPlayer][state->handCount[currentPlayer] - 1] = -1;
        -: 1278:      //reduce number of cards in hand
     5000: 1279:      state->handCount[currentPlayer]--;
        -: 1280:    }
        -: 1281:	
     5000: 1282:  return 0;
        -: 1283:}
        -: 1284:
    #####: 1285:int gainCard(int supplyPos, struct gameState *state, int toFlag, int player)
        -: 1286:{
        -: 1287:  //Note: supplyPos is enum of choosen card
        -: 1288:	
        -: 1289:  //check if supply pile is empty (0) or card is not used in game (-1)
    #####: 1290:  if ( supplyCount(supplyPos, state) < 1 )
        -: 1291:    {
    #####: 1292:      return -1;
        -: 1293:    }
        -: 1294:	
        -: 1295:  //added card for [whoseTurn] current player:
        -: 1296:  // toFlag = 0 : add to discard
        -: 1297:  // toFlag = 1 : add to deck
        -: 1298:  // toFlag = 2 : add to hand
        -: 1299:
    #####: 1300:  if (toFlag == 1)
        -: 1301:    {
    #####: 1302:      state->deck[ player ][ state->deckCount[player] ] = supplyPos;
    #####: 1303:      state->deckCount[player]++;
        -: 1304:    }
    #####: 1305:  else if (toFlag == 2)
        -: 1306:    {
    #####: 1307:      state->hand[ player ][ state->handCount[player] ] = supplyPos;
    #####: 1308:      state->handCount[player]++;
        -: 1309:    }
        -: 1310:  else
        -: 1311:    {
    #####: 1312:      state->discard[player][ state->discardCount[player] ] = supplyPos;
    #####: 1313:      state->discardCount[player]++;
        -: 1314:    }
        -: 1315:	
        -: 1316:  //decrease number in supply pile
    #####: 1317:  state->supplyCount[supplyPos]--;
        -: 1318:	 
    #####: 1319:  return 0;
        -: 1320:}
        -: 1321:
    #####: 1322:int updateCoins(int player, struct gameState *state, int bonus)
        -: 1323:{
        -: 1324:  int i;
        -: 1325:	
        -: 1326:  //reset coin count
    #####: 1327:  state->coins = 0;
        -: 1328:
        -: 1329:  //add coins for each Treasure card in player's hand
    #####: 1330:  for (i = 0; i < state->handCount[player]; i++)
        -: 1331:    {
    #####: 1332:      if (state->hand[player][i] == copper)
        -: 1333:	{
    #####: 1334:	  state->coins += 1;
        -: 1335:	}
    #####: 1336:      else if (state->hand[player][i] == silver)
        -: 1337:	{
    #####: 1338:	  state->coins += 2;
        -: 1339:	}
    #####: 1340:      else if (state->hand[player][i] == gold)
        -: 1341:	{
    #####: 1342:	  state->coins += 3;
        -: 1343:	}	
        -: 1344:    }	
        -: 1345:
        -: 1346:  //add bonus
    #####: 1347:  state->coins += bonus;
        -: 1348:
    #####: 1349:  return 0;
        -: 1350:}
        -: 1351:
        -: 1352:
        -: 1353://end of dominion.c
        -: 1354:
